[  0%] Built target _darknet_ros_msgs_generate_messages_check_deps_CheckForObjectsGoal
[  0%] Built target _darknet_ros_msgs_generate_messages_check_deps_CheckForObjectsResult
[  0%] Built target std_msgs_generate_messages_lisp
[  0%] Built target _darknet_ros_msgs_generate_messages_check_deps_CheckForObjectsActionResult
[  0%] Built target actionlib_msgs_generate_messages_lisp
[  0%] Built target _darknet_ros_msgs_generate_messages_check_deps_CheckForObjectsFeedback
[  0%] Built target _darknet_ros_msgs_generate_messages_check_deps_ObjectCount
[  0%] Built target geometry_msgs_generate_messages_lisp
[  0%] Built target sensor_msgs_generate_messages_lisp
[  0%] Built target _darknet_ros_msgs_generate_messages_check_deps_CheckForObjectsAction
[  0%] Built target _darknet_ros_msgs_generate_messages_check_deps_BoundingBox
[  0%] Built target _darknet_ros_msgs_generate_messages_check_deps_CheckForObjectsActionGoal
[  0%] Built target std_msgs_generate_messages_py
[  0%] Built target _darknet_ros_msgs_generate_messages_check_deps_BoundingBoxes
[  0%] Built target actionlib_msgs_generate_messages_py
[  0%] Built target _darknet_ros_msgs_generate_messages_check_deps_CheckForObjectsActionFeedback
[  0%] Built target sensor_msgs_generate_messages_py
[  0%] Built target geometry_msgs_generate_messages_py
[  0%] Built target std_msgs_generate_messages_nodejs
[  0%] Built target actionlib_msgs_generate_messages_nodejs
[  0%] Built target geometry_msgs_generate_messages_nodejs
[  0%] Built target sensor_msgs_generate_messages_nodejs
[  0%] Built target sensor_msgs_generate_messages_cpp
[  0%] Built target std_msgs_generate_messages_cpp
[  0%] Built target actionlib_msgs_generate_messages_cpp
[  0%] Built target geometry_msgs_generate_messages_cpp
[  0%] Built target std_msgs_generate_messages_eus
[  0%] Built target sensor_msgs_generate_messages_eus
[  0%] Built target geometry_msgs_generate_messages_eus
[  0%] Built target actionlib_msgs_generate_messages_eus
[ 19%] Built target darknet_ros_msgs_generate_messages_lisp
[ 38%] Built target darknet_ros_msgs_generate_messages_nodejs
[ 59%] Built target darknet_ros_msgs_generate_messages_py
[ 86%] Built target darknet_ros_msgs_generate_messages_cpp
[100%] Built target darknet_ros_msgs_generate_messages_eus
[100%] Built target darknet_ros_msgs_generate_messages
