[35m[1mScanning dependencies of target _darknet_ros_msgs_generate_messages_check_deps_CheckForObjectsActionResult[0m
[35m[1mScanning dependencies of target _darknet_ros_msgs_generate_messages_check_deps_CheckForObjectsResult[0m
[35m[1mScanning dependencies of target std_msgs_generate_messages_lisp[0m
[35m[1mScanning dependencies of target _darknet_ros_msgs_generate_messages_check_deps_CheckForObjectsGoal[0m
[  0%] Built target std_msgs_generate_messages_lisp
[  0%] Built target _darknet_ros_msgs_generate_messages_check_deps_CheckForObjectsResult
[  0%] Built target _darknet_ros_msgs_generate_messages_check_deps_CheckForObjectsActionResult
[35m[1mScanning dependencies of target actionlib_msgs_generate_messages_lisp[0m
[35m[1mScanning dependencies of target _darknet_ros_msgs_generate_messages_check_deps_CheckForObjectsFeedback[0m
[  0%] Built target _darknet_ros_msgs_generate_messages_check_deps_CheckForObjectsGoal
[35m[1mScanning dependencies of target _darknet_ros_msgs_generate_messages_check_deps_ObjectCount[0m
[  0%] Built target actionlib_msgs_generate_messages_lisp
[35m[1mScanning dependencies of target geometry_msgs_generate_messages_lisp[0m
[35m[1mScanning dependencies of target sensor_msgs_generate_messages_lisp[0m
[  0%] Built target geometry_msgs_generate_messages_lisp
[  0%] Built target _darknet_ros_msgs_generate_messages_check_deps_CheckForObjectsFeedback
[35m[1mScanning dependencies of target _darknet_ros_msgs_generate_messages_check_deps_CheckForObjectsAction[0m
[35m[1mScanning dependencies of target _darknet_ros_msgs_generate_messages_check_deps_BoundingBox[0m
[  0%] Built target sensor_msgs_generate_messages_lisp
[  0%] Built target _darknet_ros_msgs_generate_messages_check_deps_ObjectCount
[35m[1mScanning dependencies of target _darknet_ros_msgs_generate_messages_check_deps_CheckForObjectsActionGoal[0m
[35m[1mScanning dependencies of target _darknet_ros_msgs_generate_messages_check_deps_BoundingBoxes[0m
[  0%] Built target _darknet_ros_msgs_generate_messages_check_deps_BoundingBox
[35m[1mScanning dependencies of target _darknet_ros_msgs_generate_messages_check_deps_CheckForObjectsActionFeedback[0m
[  0%] Built target _darknet_ros_msgs_generate_messages_check_deps_CheckForObjectsAction
[35m[1mScanning dependencies of target std_msgs_generate_messages_py[0m
[  0%] Built target _darknet_ros_msgs_generate_messages_check_deps_CheckForObjectsActionGoal
[  0%] Built target std_msgs_generate_messages_py
[  0%] Built target _darknet_ros_msgs_generate_messages_check_deps_CheckForObjectsActionFeedback
[  0%] Built target _darknet_ros_msgs_generate_messages_check_deps_BoundingBoxes
[35m[1mScanning dependencies of target actionlib_msgs_generate_messages_py[0m
[35m[1mScanning dependencies of target sensor_msgs_generate_messages_py[0m
[35m[1mScanning dependencies of target std_msgs_generate_messages_nodejs[0m
[  0%] Built target actionlib_msgs_generate_messages_py
[35m[1mScanning dependencies of target geometry_msgs_generate_messages_py[0m
[  0%] Built target sensor_msgs_generate_messages_py
[35m[1mScanning dependencies of target actionlib_msgs_generate_messages_nodejs[0m
[  0%] Built target std_msgs_generate_messages_nodejs
[35m[1mScanning dependencies of target geometry_msgs_generate_messages_nodejs[0m
[  0%] Built target geometry_msgs_generate_messages_py
[35m[1mScanning dependencies of target sensor_msgs_generate_messages_nodejs[0m
[  0%] Built target actionlib_msgs_generate_messages_nodejs
[  0%] Built target geometry_msgs_generate_messages_nodejs
[  0%] Built target sensor_msgs_generate_messages_nodejs
[35m[1mScanning dependencies of target sensor_msgs_generate_messages_cpp[0m
[35m[1mScanning dependencies of target std_msgs_generate_messages_cpp[0m
[35m[1mScanning dependencies of target actionlib_msgs_generate_messages_cpp[0m
[  0%] Built target sensor_msgs_generate_messages_cpp
[35m[1mScanning dependencies of target geometry_msgs_generate_messages_cpp[0m
[  0%] Built target std_msgs_generate_messages_cpp
[  0%] Built target actionlib_msgs_generate_messages_cpp
[35m[1mScanning dependencies of target std_msgs_generate_messages_eus[0m
[  0%] Built target geometry_msgs_generate_messages_cpp
[35m[1mScanning dependencies of target sensor_msgs_generate_messages_eus[0m
[35m[1mScanning dependencies of target actionlib_msgs_generate_messages_eus[0m
[  0%] Built target std_msgs_generate_messages_eus
[35m[1mScanning dependencies of target geometry_msgs_generate_messages_eus[0m
[  0%] Built target actionlib_msgs_generate_messages_eus
[  0%] Built target sensor_msgs_generate_messages_eus
[35m[1mScanning dependencies of target darknet_ros_msgs_generate_messages_lisp[0m
[  0%] Built target geometry_msgs_generate_messages_eus
[35m[1mScanning dependencies of target darknet_ros_msgs_generate_messages_py[0m
[35m[1mScanning dependencies of target darknet_ros_msgs_generate_messages_nodejs[0m
[  1%] [34m[1mGenerating Lisp code from darknet_ros_msgs/CheckForObjectsGoal.msg[0m
[  3%] [34m[1mGenerating Python from MSG darknet_ros_msgs/CheckForObjectsGoal[0m
[  5%] [34m[1mGenerating Javascript code from darknet_ros_msgs/CheckForObjectsGoal.msg[0m
[35m[1mScanning dependencies of target darknet_ros_msgs_generate_messages_cpp[0m
[  7%] [34m[1mGenerating C++ code from darknet_ros_msgs/CheckForObjectsGoal.msg[0m
[  9%] [34m[1mGenerating Lisp code from darknet_ros_msgs/BoundingBox.msg[0m
[ 11%] [34m[1mGenerating Javascript code from darknet_ros_msgs/BoundingBox.msg[0m
[ 13%] [34m[1mGenerating Javascript code from darknet_ros_msgs/CheckForObjectsAction.msg[0m
[ 15%] [34m[1mGenerating Lisp code from darknet_ros_msgs/CheckForObjectsAction.msg[0m
[ 17%] [34m[1mGenerating Python from MSG darknet_ros_msgs/BoundingBox[0m
[ 19%] [34m[1mGenerating Lisp code from darknet_ros_msgs/CheckForObjectsActionGoal.msg[0m
[ 21%] [34m[1mGenerating Javascript code from darknet_ros_msgs/CheckForObjectsActionGoal.msg[0m
[ 23%] [34m[1mGenerating C++ code from darknet_ros_msgs/BoundingBox.msg[0m
[ 25%] [34m[1mGenerating Lisp code from darknet_ros_msgs/ObjectCount.msg[0m
[ 26%] [34m[1mGenerating Javascript code from darknet_ros_msgs/ObjectCount.msg[0m
[ 28%] [34m[1mGenerating Javascript code from darknet_ros_msgs/BoundingBoxes.msg[0m
[ 30%] [34m[1mGenerating Python from MSG darknet_ros_msgs/CheckForObjectsAction[0m
[ 32%] [34m[1mGenerating Lisp code from darknet_ros_msgs/BoundingBoxes.msg[0m
[ 34%] [34m[1mGenerating Javascript code from darknet_ros_msgs/CheckForObjectsActionFeedback.msg[0m
[ 36%] [34m[1mGenerating C++ code from darknet_ros_msgs/CheckForObjectsAction.msg[0m
[ 38%] [34m[1mGenerating Javascript code from darknet_ros_msgs/CheckForObjectsFeedback.msg[0m
[ 40%] [34m[1mGenerating Lisp code from darknet_ros_msgs/CheckForObjectsActionFeedback.msg[0m
[ 42%] [34m[1mGenerating Python from MSG darknet_ros_msgs/CheckForObjectsActionGoal[0m
[ 44%] [34m[1mGenerating Lisp code from darknet_ros_msgs/CheckForObjectsFeedback.msg[0m
[ 46%] [34m[1mGenerating Javascript code from darknet_ros_msgs/CheckForObjectsActionResult.msg[0m
[ 48%] [34m[1mGenerating C++ code from darknet_ros_msgs/CheckForObjectsActionGoal.msg[0m
[ 50%] [34m[1mGenerating Lisp code from darknet_ros_msgs/CheckForObjectsActionResult.msg[0m
[ 51%] [34m[1mGenerating Javascript code from darknet_ros_msgs/CheckForObjectsResult.msg[0m
[ 53%] [34m[1mGenerating Python from MSG darknet_ros_msgs/ObjectCount[0m
[ 55%] [34m[1mGenerating Lisp code from darknet_ros_msgs/CheckForObjectsResult.msg[0m
[ 55%] Built target darknet_ros_msgs_generate_messages_nodejs
[ 57%] [34m[1mGenerating Python from MSG darknet_ros_msgs/BoundingBoxes[0m
[ 57%] Built target darknet_ros_msgs_generate_messages_lisp
[35m[1mScanning dependencies of target darknet_ros_msgs_generate_messages_eus[0m
[ 59%] [34m[1mGenerating EusLisp code from darknet_ros_msgs/CheckForObjectsGoal.msg[0m
[ 61%] [34m[1mGenerating C++ code from darknet_ros_msgs/ObjectCount.msg[0m
[ 63%] [34m[1mGenerating C++ code from darknet_ros_msgs/BoundingBoxes.msg[0m
[ 65%] [34m[1mGenerating EusLisp code from darknet_ros_msgs/BoundingBox.msg[0m
[ 67%] [34m[1mGenerating Python from MSG darknet_ros_msgs/CheckForObjectsActionFeedback[0m
[ 69%] [34m[1mGenerating C++ code from darknet_ros_msgs/CheckForObjectsActionFeedback.msg[0m
[ 73%] [34m[1mGenerating EusLisp code from darknet_ros_msgs/CheckForObjectsAction.msg[0m
[ 73%] [34m[1mGenerating C++ code from darknet_ros_msgs/CheckForObjectsFeedback.msg[0m
[ 75%] [34m[1mGenerating Python from MSG darknet_ros_msgs/CheckForObjectsFeedback[0m
[ 76%] [34m[1mGenerating EusLisp code from darknet_ros_msgs/CheckForObjectsActionGoal.msg[0m
[ 78%] [34m[1mGenerating C++ code from darknet_ros_msgs/CheckForObjectsActionResult.msg[0m
[ 80%] [34m[1mGenerating Python from MSG darknet_ros_msgs/CheckForObjectsActionResult[0m
[ 82%] [34m[1mGenerating C++ code from darknet_ros_msgs/CheckForObjectsResult.msg[0m
[ 84%] [34m[1mGenerating EusLisp code from darknet_ros_msgs/ObjectCount.msg[0m
[ 86%] [34m[1mGenerating EusLisp code from darknet_ros_msgs/BoundingBoxes.msg[0m
[ 88%] [34m[1mGenerating EusLisp code from darknet_ros_msgs/CheckForObjectsActionFeedback.msg[0m
[ 90%] [34m[1mGenerating Python from MSG darknet_ros_msgs/CheckForObjectsResult[0m
[ 90%] Built target darknet_ros_msgs_generate_messages_cpp
[ 92%] [34m[1mGenerating EusLisp code from darknet_ros_msgs/CheckForObjectsFeedback.msg[0m
[ 94%] [34m[1mGenerating EusLisp code from darknet_ros_msgs/CheckForObjectsResult.msg[0m
[ 96%] [34m[1mGenerating EusLisp code from darknet_ros_msgs/CheckForObjectsActionResult.msg[0m
[ 98%] [34m[1mGenerating EusLisp manifest code for darknet_ros_msgs[0m
[100%] [34m[1mGenerating Python msg __init__.py for darknet_ros_msgs[0m
[100%] Built target darknet_ros_msgs_generate_messages_py
[100%] Built target darknet_ros_msgs_generate_messages_eus
[35m[1mScanning dependencies of target darknet_ros_msgs_generate_messages[0m
[100%] Built target darknet_ros_msgs_generate_messages
