Determining if the pthread_create exist failed with the following output:
Change Dir: /home/parallels/MixedReality/yolo/catkin_workspace/build/video_stream_opencv/CMakeFiles/CMakeTmp

Run Build Command:"/usr/bin/make" "cmTC_921ed/fast"
/usr/bin/make -f CMakeFiles/cmTC_921ed.dir/build.make CMakeFiles/cmTC_921ed.dir/build
make[1]: Entering directory '/home/parallels/MixedReality/yolo/catkin_workspace/build/video_stream_opencv/CMakeFiles/CMakeTmp'
Building C object CMakeFiles/cmTC_921ed.dir/CheckSymbolExists.c.o
/usr/bin/cc    -o CMakeFiles/cmTC_921ed.dir/CheckSymbolExists.c.o   -c /home/parallels/MixedReality/yolo/catkin_workspace/build/video_stream_opencv/CMakeFiles/CMakeTmp/CheckSymbolExists.c
Linking C executable cmTC_921ed
/usr/bin/cmake -E cmake_link_script CMakeFiles/cmTC_921ed.dir/link.txt --verbose=1
/usr/bin/cc      -rdynamic CMakeFiles/cmTC_921ed.dir/CheckSymbolExists.c.o  -o cmTC_921ed 
CMakeFiles/cmTC_921ed.dir/CheckSymbolExists.c.o: In function `main':
CheckSymbolExists.c:(.text+0x1b): undefined reference to `pthread_create'
collect2: error: ld returned 1 exit status
CMakeFiles/cmTC_921ed.dir/build.make:97: recipe for target 'cmTC_921ed' failed
make[1]: *** [cmTC_921ed] Error 1
make[1]: Leaving directory '/home/parallels/MixedReality/yolo/catkin_workspace/build/video_stream_opencv/CMakeFiles/CMakeTmp'
Makefile:126: recipe for target 'cmTC_921ed/fast' failed
make: *** [cmTC_921ed/fast] Error 2

File /home/parallels/MixedReality/yolo/catkin_workspace/build/video_stream_opencv/CMakeFiles/CMakeTmp/CheckSymbolExists.c:
/* */
#include <pthread.h>

int main(int argc, char** argv)
{
  (void)argv;
#ifndef pthread_create
  return ((int*)(&pthread_create))[argc];
#else
  (void)argc;
  return 0;
#endif
}

Determining if the function pthread_create exists in the pthreads failed with the following output:
Change Dir: /home/parallels/MixedReality/yolo/catkin_workspace/build/video_stream_opencv/CMakeFiles/CMakeTmp

Run Build Command:"/usr/bin/make" "cmTC_62b5d/fast"
/usr/bin/make -f CMakeFiles/cmTC_62b5d.dir/build.make CMakeFiles/cmTC_62b5d.dir/build
make[1]: Entering directory '/home/parallels/MixedReality/yolo/catkin_workspace/build/video_stream_opencv/CMakeFiles/CMakeTmp'
Building C object CMakeFiles/cmTC_62b5d.dir/CheckFunctionExists.c.o
/usr/bin/cc   -DCHECK_FUNCTION_EXISTS=pthread_create   -o CMakeFiles/cmTC_62b5d.dir/CheckFunctionExists.c.o   -c /usr/share/cmake-3.10/Modules/CheckFunctionExists.c
Linking C executable cmTC_62b5d
/usr/bin/cmake -E cmake_link_script CMakeFiles/cmTC_62b5d.dir/link.txt --verbose=1
/usr/bin/cc  -DCHECK_FUNCTION_EXISTS=pthread_create    -rdynamic CMakeFiles/cmTC_62b5d.dir/CheckFunctionExists.c.o  -o cmTC_62b5d -lpthreads 
/usr/bin/ld: cannot find -lpthreads
collect2: error: ld returned 1 exit status
CMakeFiles/cmTC_62b5d.dir/build.make:97: recipe for target 'cmTC_62b5d' failed
make[1]: *** [cmTC_62b5d] Error 1
make[1]: Leaving directory '/home/parallels/MixedReality/yolo/catkin_workspace/build/video_stream_opencv/CMakeFiles/CMakeTmp'
Makefile:126: recipe for target 'cmTC_62b5d/fast' failed
make: *** [cmTC_62b5d/fast] Error 2


