Determining if the pthread_create exist failed with the following output:
Change Dir: /home/parallels/MixedReality/yolo/catkin_workspace/build/controller/CMakeFiles/CMakeTmp

Run Build Command:"/usr/bin/make" "cmTC_9eaee/fast"
/usr/bin/make -f CMakeFiles/cmTC_9eaee.dir/build.make CMakeFiles/cmTC_9eaee.dir/build
make[1]: Entering directory '/home/parallels/MixedReality/yolo/catkin_workspace/build/controller/CMakeFiles/CMakeTmp'
Building C object CMakeFiles/cmTC_9eaee.dir/CheckSymbolExists.c.o
/usr/bin/cc    -o CMakeFiles/cmTC_9eaee.dir/CheckSymbolExists.c.o   -c /home/parallels/MixedReality/yolo/catkin_workspace/build/controller/CMakeFiles/CMakeTmp/CheckSymbolExists.c
Linking C executable cmTC_9eaee
/usr/bin/cmake -E cmake_link_script CMakeFiles/cmTC_9eaee.dir/link.txt --verbose=1
/usr/bin/cc      -rdynamic CMakeFiles/cmTC_9eaee.dir/CheckSymbolExists.c.o  -o cmTC_9eaee 
CMakeFiles/cmTC_9eaee.dir/CheckSymbolExists.c.o: In function `main':
CheckSymbolExists.c:(.text+0x1b): undefined reference to `pthread_create'
collect2: error: ld returned 1 exit status
CMakeFiles/cmTC_9eaee.dir/build.make:97: recipe for target 'cmTC_9eaee' failed
make[1]: *** [cmTC_9eaee] Error 1
make[1]: Leaving directory '/home/parallels/MixedReality/yolo/catkin_workspace/build/controller/CMakeFiles/CMakeTmp'
Makefile:126: recipe for target 'cmTC_9eaee/fast' failed
make: *** [cmTC_9eaee/fast] Error 2

File /home/parallels/MixedReality/yolo/catkin_workspace/build/controller/CMakeFiles/CMakeTmp/CheckSymbolExists.c:
/* */
#include <pthread.h>

int main(int argc, char** argv)
{
  (void)argv;
#ifndef pthread_create
  return ((int*)(&pthread_create))[argc];
#else
  (void)argc;
  return 0;
#endif
}

Determining if the function pthread_create exists in the pthreads failed with the following output:
Change Dir: /home/parallels/MixedReality/yolo/catkin_workspace/build/controller/CMakeFiles/CMakeTmp

Run Build Command:"/usr/bin/make" "cmTC_07453/fast"
/usr/bin/make -f CMakeFiles/cmTC_07453.dir/build.make CMakeFiles/cmTC_07453.dir/build
make[1]: Entering directory '/home/parallels/MixedReality/yolo/catkin_workspace/build/controller/CMakeFiles/CMakeTmp'
Building C object CMakeFiles/cmTC_07453.dir/CheckFunctionExists.c.o
/usr/bin/cc   -DCHECK_FUNCTION_EXISTS=pthread_create   -o CMakeFiles/cmTC_07453.dir/CheckFunctionExists.c.o   -c /usr/share/cmake-3.10/Modules/CheckFunctionExists.c
Linking C executable cmTC_07453
/usr/bin/cmake -E cmake_link_script CMakeFiles/cmTC_07453.dir/link.txt --verbose=1
/usr/bin/cc  -DCHECK_FUNCTION_EXISTS=pthread_create    -rdynamic CMakeFiles/cmTC_07453.dir/CheckFunctionExists.c.o  -o cmTC_07453 -lpthreads 
/usr/bin/ld: cannot find -lpthreads
collect2: error: ld returned 1 exit status
CMakeFiles/cmTC_07453.dir/build.make:97: recipe for target 'cmTC_07453' failed
make[1]: *** [cmTC_07453] Error 1
make[1]: Leaving directory '/home/parallels/MixedReality/yolo/catkin_workspace/build/controller/CMakeFiles/CMakeTmp'
Makefile:126: recipe for target 'cmTC_07453/fast' failed
make: *** [cmTC_07453/fast] Error 2


