Determining if the pthread_create exist failed with the following output:
Change Dir: /home/carl/MixedReality/monocular_avoidance/catkin_ws/gazebo_plugins/build/CMakeFiles/CMakeTmp

Run Build Command:"/usr/bin/make" "cmTC_f98bc/fast"
/usr/bin/make -f CMakeFiles/cmTC_f98bc.dir/build.make CMakeFiles/cmTC_f98bc.dir/build
make[1]: Entering directory '/home/carl/MixedReality/monocular_avoidance/catkin_ws/gazebo_plugins/build/CMakeFiles/CMakeTmp'
Building C object CMakeFiles/cmTC_f98bc.dir/CheckSymbolExists.c.o
/usr/bin/cc    -o CMakeFiles/cmTC_f98bc.dir/CheckSymbolExists.c.o   -c /home/carl/MixedReality/monocular_avoidance/catkin_ws/gazebo_plugins/build/CMakeFiles/CMakeTmp/CheckSymbolExists.c
Linking C executable cmTC_f98bc
/usr/bin/cmake -E cmake_link_script CMakeFiles/cmTC_f98bc.dir/link.txt --verbose=1
/usr/bin/cc      -rdynamic CMakeFiles/cmTC_f98bc.dir/CheckSymbolExists.c.o  -o cmTC_f98bc 
CMakeFiles/cmTC_f98bc.dir/CheckSymbolExists.c.o: In function `main':
CheckSymbolExists.c:(.text+0x1b): undefined reference to `pthread_create'
collect2: error: ld returned 1 exit status
CMakeFiles/cmTC_f98bc.dir/build.make:97: recipe for target 'cmTC_f98bc' failed
make[1]: *** [cmTC_f98bc] Error 1
make[1]: Leaving directory '/home/carl/MixedReality/monocular_avoidance/catkin_ws/gazebo_plugins/build/CMakeFiles/CMakeTmp'
Makefile:126: recipe for target 'cmTC_f98bc/fast' failed
make: *** [cmTC_f98bc/fast] Error 2

File /home/carl/MixedReality/monocular_avoidance/catkin_ws/gazebo_plugins/build/CMakeFiles/CMakeTmp/CheckSymbolExists.c:
/* */
#include <pthread.h>

int main(int argc, char** argv)
{
  (void)argv;
#ifndef pthread_create
  return ((int*)(&pthread_create))[argc];
#else
  (void)argc;
  return 0;
#endif
}

Determining if the function pthread_create exists in the pthreads failed with the following output:
Change Dir: /home/carl/MixedReality/monocular_avoidance/catkin_ws/gazebo_plugins/build/CMakeFiles/CMakeTmp

Run Build Command:"/usr/bin/make" "cmTC_12101/fast"
/usr/bin/make -f CMakeFiles/cmTC_12101.dir/build.make CMakeFiles/cmTC_12101.dir/build
make[1]: Entering directory '/home/carl/MixedReality/monocular_avoidance/catkin_ws/gazebo_plugins/build/CMakeFiles/CMakeTmp'
Building C object CMakeFiles/cmTC_12101.dir/CheckFunctionExists.c.o
/usr/bin/cc   -DCHECK_FUNCTION_EXISTS=pthread_create   -o CMakeFiles/cmTC_12101.dir/CheckFunctionExists.c.o   -c /usr/share/cmake-3.10/Modules/CheckFunctionExists.c
Linking C executable cmTC_12101
/usr/bin/cmake -E cmake_link_script CMakeFiles/cmTC_12101.dir/link.txt --verbose=1
/usr/bin/cc  -DCHECK_FUNCTION_EXISTS=pthread_create    -rdynamic CMakeFiles/cmTC_12101.dir/CheckFunctionExists.c.o  -o cmTC_12101 -lpthreads 
/usr/bin/ld: cannot find -lpthreads
collect2: error: ld returned 1 exit status
CMakeFiles/cmTC_12101.dir/build.make:97: recipe for target 'cmTC_12101' failed
make[1]: *** [cmTC_12101] Error 1
make[1]: Leaving directory '/home/carl/MixedReality/monocular_avoidance/catkin_ws/gazebo_plugins/build/CMakeFiles/CMakeTmp'
Makefile:126: recipe for target 'cmTC_12101/fast' failed
make: *** [cmTC_12101/fast] Error 2


