Determining if the pthread_create exist failed with the following output:
Change Dir: /home/parallels/MixedReality/yolo/catkin_workspace/build/darknet_ros/CMakeFiles/CMakeTmp

Run Build Command:"/usr/bin/make" "cmTC_8912f/fast"
/usr/bin/make -f CMakeFiles/cmTC_8912f.dir/build.make CMakeFiles/cmTC_8912f.dir/build
make[1]: Entering directory '/home/parallels/MixedReality/yolo/catkin_workspace/build/darknet_ros/CMakeFiles/CMakeTmp'
Building C object CMakeFiles/cmTC_8912f.dir/CheckSymbolExists.c.o
/usr/bin/cc   -Wall -Wno-unused-result -Wno-unknown-pragmas -Wno-unused-variable -Wfatal-errors -fPIC     -o CMakeFiles/cmTC_8912f.dir/CheckSymbolExists.c.o   -c /home/parallels/MixedReality/yolo/catkin_workspace/build/darknet_ros/CMakeFiles/CMakeTmp/CheckSymbolExists.c
Linking C executable cmTC_8912f
/usr/bin/cmake -E cmake_link_script CMakeFiles/cmTC_8912f.dir/link.txt --verbose=1
/usr/bin/cc -Wall -Wno-unused-result -Wno-unknown-pragmas -Wno-unused-variable -Wfatal-errors -fPIC      -rdynamic CMakeFiles/cmTC_8912f.dir/CheckSymbolExists.c.o  -o cmTC_8912f 
CMakeFiles/cmTC_8912f.dir/CheckSymbolExists.c.o: In function `main':
CheckSymbolExists.c:(.text+0x1b): undefined reference to `pthread_create'
collect2: error: ld returned 1 exit status
CMakeFiles/cmTC_8912f.dir/build.make:97: recipe for target 'cmTC_8912f' failed
make[1]: *** [cmTC_8912f] Error 1
make[1]: Leaving directory '/home/parallels/MixedReality/yolo/catkin_workspace/build/darknet_ros/CMakeFiles/CMakeTmp'
Makefile:126: recipe for target 'cmTC_8912f/fast' failed
make: *** [cmTC_8912f/fast] Error 2

File /home/parallels/MixedReality/yolo/catkin_workspace/build/darknet_ros/CMakeFiles/CMakeTmp/CheckSymbolExists.c:
/* */
#include <pthread.h>

int main(int argc, char** argv)
{
  (void)argv;
#ifndef pthread_create
  return ((int*)(&pthread_create))[argc];
#else
  (void)argc;
  return 0;
#endif
}

Determining if the function pthread_create exists in the pthreads failed with the following output:
Change Dir: /home/parallels/MixedReality/yolo/catkin_workspace/build/darknet_ros/CMakeFiles/CMakeTmp

Run Build Command:"/usr/bin/make" "cmTC_98362/fast"
/usr/bin/make -f CMakeFiles/cmTC_98362.dir/build.make CMakeFiles/cmTC_98362.dir/build
make[1]: Entering directory '/home/parallels/MixedReality/yolo/catkin_workspace/build/darknet_ros/CMakeFiles/CMakeTmp'
Building C object CMakeFiles/cmTC_98362.dir/CheckFunctionExists.c.o
/usr/bin/cc   -Wall -Wno-unused-result -Wno-unknown-pragmas -Wno-unused-variable -Wfatal-errors -fPIC  -DCHECK_FUNCTION_EXISTS=pthread_create   -o CMakeFiles/cmTC_98362.dir/CheckFunctionExists.c.o   -c /usr/share/cmake-3.10/Modules/CheckFunctionExists.c
Linking C executable cmTC_98362
/usr/bin/cmake -E cmake_link_script CMakeFiles/cmTC_98362.dir/link.txt --verbose=1
/usr/bin/cc -Wall -Wno-unused-result -Wno-unknown-pragmas -Wno-unused-variable -Wfatal-errors -fPIC  -DCHECK_FUNCTION_EXISTS=pthread_create    -rdynamic CMakeFiles/cmTC_98362.dir/CheckFunctionExists.c.o  -o cmTC_98362 -lpthreads 
/usr/bin/ld: cannot find -lpthreads
collect2: error: ld returned 1 exit status
CMakeFiles/cmTC_98362.dir/build.make:97: recipe for target 'cmTC_98362' failed
make[1]: *** [cmTC_98362] Error 1
make[1]: Leaving directory '/home/parallels/MixedReality/yolo/catkin_workspace/build/darknet_ros/CMakeFiles/CMakeTmp'
Makefile:126: recipe for target 'cmTC_98362/fast' failed
make: *** [cmTC_98362/fast] Error 2


